make -f Makefile results.xml
make[1]: Entering directory '/workspace/challenges-Anmol-wq/level1_design1'
MODULE=test_mux      TESTCASE= TOPLEVEL=mux           TOPLEVEL_LANG=verilog \
         /home/linuxbrew/.linuxbrew/bin/vvp -M /home/gitpod/.pyenv/versions/3.8.10/lib/python3.8/site-packages/cocotb/libs -m libcocotbvpi_icarus   sim_build/sim.vvp 
     -.--ns INFO     cocotb.gpi                         ..mbed/gpi_embed.cpp:76   in set_program_name_in_venv        Did not detect Python virtual environment. Using system-wide Python interpreter
     -.--ns INFO     cocotb.gpi                         ../gpi/GpiCommon.cpp:99   in gpi_print_registered_impl       VPI registered
     0.00ns INFO     Running on Icarus Verilog version 11.0 (stable)
     0.00ns INFO     Running tests with cocotb v1.6.2 from /home/gitpod/.pyenv/versions/3.8.10/lib/python3.8/site-packages/cocotb
     0.00ns INFO     Seeding Python random module with 1657779521
     0.00ns WARNING  Pytest not found, assertion rewriting will not occur
     0.00ns INFO     Found test test_mux.test_mux
     0.00ns INFO     running test_mux (1/1)
     0.00ns INFO     ##### CTB: Develop your test here ########
     3.00ns INFO     my out is 10
     3.00ns INFO     test_mux failed
                     Traceback (most recent call last):
                       File "/workspace/challenges-Anmol-wq/level1_design1/test_mux.py", line 21, in test_mux
                         assert dut.out.value == dut.inp13.value, "could be inp12 because same sel bits assigned for both"
                     AssertionError: could be inp12 because same sel bits assigned for both
     3.00ns INFO     **************************************************************************************
                     ** TEST                          STATUS  SIM TIME (ns)  REAL TIME (s)  RATIO (ns/s) **
                     **************************************************************************************
                     ** test_mux.test_mux              FAIL           3.00           0.00       3224.16  **
                     **************************************************************************************
                     ** TESTS=1 PASS=0 FAIL=1 SKIP=0                  3.00           0.01        435.48  **
                     **************************************************************************************
                     
make[1]: Leaving directory '/workspace/challenges-Anmol-wq/level1_design1'
